[2021-05-27 11:15:09] production.ERROR: Invalid argument supplied for foreach() {"exception":"[object] (ErrorException(code: 0): Invalid argument supplied for foreach() at /home/grifeznl/trustech.griffinstech.com/application/vendor/symfony/console/Input/ArgvInput.php:243)
[stacktrace]
#0 /home/grifeznl/trustech.griffinstech.com/application/vendor/symfony/console/Input/ArgvInput.php(243): Illuminate\\Foundation\\Bootstrap\\HandleExceptions->handleError(2, 'Invalid argumen...', '/home/grifeznl/...', 243, Array)
#1 /home/grifeznl/trustech.griffinstech.com/application/vendor/symfony/console/Application.php(965): Symfony\\Component\\Console\\Input\\ArgvInput->getFirstArgument()
#2 /home/grifeznl/trustech.griffinstech.com/application/vendor/laravel/framework/src/Illuminate/Console/Application.php(84): Symfony\\Component\\Console\\Application->getCommandName(Object(Symfony\\Component\\Console\\Input\\ArgvInput))
#3 /home/grifeznl/trustech.griffinstech.com/application/vendor/laravel/framework/src/Illuminate/Foundation/Console/Kernel.php(129): Illuminate\\Console\\Application->run(Object(Symfony\\Component\\Console\\Input\\ArgvInput), Object(Symfony\\Component\\Console\\Output\\ConsoleOutput))
#4 /home/grifeznl/trustech.griffinstech.com/application/artisan(37): Illuminate\\Foundation\\Console\\Kernel->handle(Object(Symfony\\Component\\Console\\Input\\ArgvInput), Object(Symfony\\Component\\Console\\Output\\ConsoleOutput))
#5 {main}
"} 
[2021-05-27 11:20:35] production.ERROR: Invalid argument supplied for foreach() {"exception":"[object] (ErrorException(code: 0): Invalid argument supplied for foreach() at /home/grifeznl/trustech.griffinstech.com/application/vendor/symfony/console/Input/ArgvInput.php:243)
[stacktrace]
#0 /home/grifeznl/trustech.griffinstech.com/application/vendor/symfony/console/Input/ArgvInput.php(243): Illuminate\\Foundation\\Bootstrap\\HandleExceptions->handleError(2, 'Invalid argumen...', '/home/grifeznl/...', 243, Array)
#1 /home/grifeznl/trustech.griffinstech.com/application/vendor/symfony/console/Application.php(965): Symfony\\Component\\Console\\Input\\ArgvInput->getFirstArgument()
#2 /home/grifeznl/trustech.griffinstech.com/application/vendor/laravel/framework/src/Illuminate/Console/Application.php(84): Symfony\\Component\\Console\\Application->getCommandName(Object(Symfony\\Component\\Console\\Input\\ArgvInput))
#3 /home/grifeznl/trustech.griffinstech.com/application/vendor/laravel/framework/src/Illuminate/Foundation/Console/Kernel.php(129): Illuminate\\Console\\Application->run(Object(Symfony\\Component\\Console\\Input\\ArgvInput), Object(Symfony\\Component\\Console\\Output\\ConsoleOutput))
#4 /home/grifeznl/trustech.griffinstech.com/application/artisan(37): Illuminate\\Foundation\\Console\\Kernel->handle(Object(Symfony\\Component\\Console\\Input\\ArgvInput), Object(Symfony\\Component\\Console\\Output\\ConsoleOutput))
#5 {main}
"} 
[2021-05-27 11:25:10] production.ERROR: Invalid argument supplied for foreach() {"exception":"[object] (ErrorException(code: 0): Invalid argument supplied for foreach() at /home/grifeznl/trustech.griffinstech.com/application/vendor/symfony/console/Input/ArgvInput.php:243)
[stacktrace]
#0 /home/grifeznl/trustech.griffinstech.com/application/vendor/symfony/console/Input/ArgvInput.php(243): Illuminate\\Foundation\\Bootstrap\\HandleExceptions->handleError(2, 'Invalid argumen...', '/home/grifeznl/...', 243, Array)
#1 /home/grifeznl/trustech.griffinstech.com/application/vendor/symfony/console/Application.php(965): Symfony\\Component\\Console\\Input\\ArgvInput->getFirstArgument()
#2 /home/grifeznl/trustech.griffinstech.com/application/vendor/laravel/framework/src/Illuminate/Console/Application.php(84): Symfony\\Component\\Console\\Application->getCommandName(Object(Symfony\\Component\\Console\\Input\\ArgvInput))
#3 /home/grifeznl/trustech.griffinstech.com/application/vendor/laravel/framework/src/Illuminate/Foundation/Console/Kernel.php(129): Illuminate\\Console\\Application->run(Object(Symfony\\Component\\Console\\Input\\ArgvInput), Object(Symfony\\Component\\Console\\Output\\ConsoleOutput))
#4 /home/grifeznl/trustech.griffinstech.com/application/artisan(37): Illuminate\\Foundation\\Console\\Kernel->handle(Object(Symfony\\Component\\Console\\Input\\ArgvInput), Object(Symfony\\Component\\Console\\Output\\ConsoleOutput))
#5 {main}
"} 
[2021-08-05 09:00:04] production.ERROR: Invalid argument supplied for foreach() {"exception":"[object] (ErrorException(code: 0): Invalid argument supplied for foreach() at /home/alrifaig/public_html/application/vendor/symfony/console/Input/ArgvInput.php:243)
[stacktrace]
#0 /home/alrifaig/public_html/application/vendor/symfony/console/Input/ArgvInput.php(243): Illuminate\\Foundation\\Bootstrap\\HandleExceptions->handleError(2, 'Invalid argumen...', '/home/alrifaig/...', 243, Array)
#1 /home/alrifaig/public_html/application/vendor/symfony/console/Application.php(965): Symfony\\Component\\Console\\Input\\ArgvInput->getFirstArgument()
#2 /home/alrifaig/public_html/application/vendor/laravel/framework/src/Illuminate/Console/Application.php(84): Symfony\\Component\\Console\\Application->getCommandName(Object(Symfony\\Component\\Console\\Input\\ArgvInput))
#3 /home/alrifaig/public_html/application/vendor/laravel/framework/src/Illuminate/Foundation/Console/Kernel.php(129): Illuminate\\Console\\Application->run(Object(Symfony\\Component\\Console\\Input\\ArgvInput), Object(Symfony\\Component\\Console\\Output\\ConsoleOutput))
#4 /home/alrifaig/public_html/application/artisan(37): Illuminate\\Foundation\\Console\\Kernel->handle(Object(Symfony\\Component\\Console\\Input\\ArgvInput), Object(Symfony\\Component\\Console\\Output\\ConsoleOutput))
#5 {main}
"} 
[2021-08-05 09:02:01] production.ERROR: Invalid argument supplied for foreach() {"exception":"[object] (ErrorException(code: 0): Invalid argument supplied for foreach() at /home/alrifaig/public_html/application/vendor/symfony/console/Input/ArgvInput.php:243)
[stacktrace]
#0 /home/alrifaig/public_html/application/vendor/symfony/console/Input/ArgvInput.php(243): Illuminate\\Foundation\\Bootstrap\\HandleExceptions->handleError(2, 'Invalid argumen...', '/home/alrifaig/...', 243, Array)
#1 /home/alrifaig/public_html/application/vendor/symfony/console/Application.php(965): Symfony\\Component\\Console\\Input\\ArgvInput->getFirstArgument()
#2 /home/alrifaig/public_html/application/vendor/laravel/framework/src/Illuminate/Console/Application.php(84): Symfony\\Component\\Console\\Application->getCommandName(Object(Symfony\\Component\\Console\\Input\\ArgvInput))
#3 /home/alrifaig/public_html/application/vendor/laravel/framework/src/Illuminate/Foundation/Console/Kernel.php(129): Illuminate\\Console\\Application->run(Object(Symfony\\Component\\Console\\Input\\ArgvInput), Object(Symfony\\Component\\Console\\Output\\ConsoleOutput))
#4 /home/alrifaig/public_html/application/artisan(37): Illuminate\\Foundation\\Console\\Kernel->handle(Object(Symfony\\Component\\Console\\Input\\ArgvInput), Object(Symfony\\Component\\Console\\Output\\ConsoleOutput))
#5 {main}
"} 
[2021-08-05 09:04:01] production.ERROR: Invalid argument supplied for foreach() {"exception":"[object] (ErrorException(code: 0): Invalid argument supplied for foreach() at /home/alrifaig/public_html/application/vendor/symfony/console/Input/ArgvInput.php:243)
[stacktrace]
#0 /home/alrifaig/public_html/application/vendor/symfony/console/Input/ArgvInput.php(243): Illuminate\\Foundation\\Bootstrap\\HandleExceptions->handleError(2, 'Invalid argumen...', '/home/alrifaig/...', 243, Array)
#1 /home/alrifaig/public_html/application/vendor/symfony/console/Application.php(965): Symfony\\Component\\Console\\Input\\ArgvInput->getFirstArgument()
#2 /home/alrifaig/public_html/application/vendor/laravel/framework/src/Illuminate/Console/Application.php(84): Symfony\\Component\\Console\\Application->getCommandName(Object(Symfony\\Component\\Console\\Input\\ArgvInput))
#3 /home/alrifaig/public_html/application/vendor/laravel/framework/src/Illuminate/Foundation/Console/Kernel.php(129): Illuminate\\Console\\Application->run(Object(Symfony\\Component\\Console\\Input\\ArgvInput), Object(Symfony\\Component\\Console\\Output\\ConsoleOutput))
#4 /home/alrifaig/public_html/application/artisan(37): Illuminate\\Foundation\\Console\\Kernel->handle(Object(Symfony\\Component\\Console\\Input\\ArgvInput), Object(Symfony\\Component\\Console\\Output\\ConsoleOutput))
#5 {main}
"} 
[2021-08-05 09:06:02] production.ERROR: Invalid argument supplied for foreach() {"exception":"[object] (ErrorException(code: 0): Invalid argument supplied for foreach() at /home/alrifaig/public_html/application/vendor/symfony/console/Input/ArgvInput.php:243)
[stacktrace]
#0 /home/alrifaig/public_html/application/vendor/symfony/console/Input/ArgvInput.php(243): Illuminate\\Foundation\\Bootstrap\\HandleExceptions->handleError(2, 'Invalid argumen...', '/home/alrifaig/...', 243, Array)
#1 /home/alrifaig/public_html/application/vendor/symfony/console/Application.php(965): Symfony\\Component\\Console\\Input\\ArgvInput->getFirstArgument()
#2 /home/alrifaig/public_html/application/vendor/laravel/framework/src/Illuminate/Console/Application.php(84): Symfony\\Component\\Console\\Application->getCommandName(Object(Symfony\\Component\\Console\\Input\\ArgvInput))
#3 /home/alrifaig/public_html/application/vendor/laravel/framework/src/Illuminate/Foundation/Console/Kernel.php(129): Illuminate\\Console\\Application->run(Object(Symfony\\Component\\Console\\Input\\ArgvInput), Object(Symfony\\Component\\Console\\Output\\ConsoleOutput))
#4 /home/alrifaig/public_html/application/artisan(37): Illuminate\\Foundation\\Console\\Kernel->handle(Object(Symfony\\Component\\Console\\Input\\ArgvInput), Object(Symfony\\Component\\Console\\Output\\ConsoleOutput))
#5 {main}
"} 
[2021-08-05 09:08:02] production.ERROR: Invalid argument supplied for foreach() {"exception":"[object] (ErrorException(code: 0): Invalid argument supplied for foreach() at /home/alrifaig/public_html/application/vendor/symfony/console/Input/ArgvInput.php:243)
[stacktrace]
#0 /home/alrifaig/public_html/application/vendor/symfony/console/Input/ArgvInput.php(243): Illuminate\\Foundation\\Bootstrap\\HandleExceptions->handleError(2, 'Invalid argumen...', '/home/alrifaig/...', 243, Array)
#1 /home/alrifaig/public_html/application/vendor/symfony/console/Application.php(965): Symfony\\Component\\Console\\Input\\ArgvInput->getFirstArgument()
#2 /home/alrifaig/public_html/application/vendor/laravel/framework/src/Illuminate/Console/Application.php(84): Symfony\\Component\\Console\\Application->getCommandName(Object(Symfony\\Component\\Console\\Input\\ArgvInput))
#3 /home/alrifaig/public_html/application/vendor/laravel/framework/src/Illuminate/Foundation/Console/Kernel.php(129): Illuminate\\Console\\Application->run(Object(Symfony\\Component\\Console\\Input\\ArgvInput), Object(Symfony\\Component\\Console\\Output\\ConsoleOutput))
#4 /home/alrifaig/public_html/application/artisan(37): Illuminate\\Foundation\\Console\\Kernel->handle(Object(Symfony\\Component\\Console\\Input\\ArgvInput), Object(Symfony\\Component\\Console\\Output\\ConsoleOutput))
#5 {main}
"} 
[2021-08-05 09:10:01] production.ERROR: Invalid argument supplied for foreach() {"exception":"[object] (ErrorException(code: 0): Invalid argument supplied for foreach() at /home/alrifaig/public_html/application/vendor/symfony/console/Input/ArgvInput.php:243)
[stacktrace]
#0 /home/alrifaig/public_html/application/vendor/symfony/console/Input/ArgvInput.php(243): Illuminate\\Foundation\\Bootstrap\\HandleExceptions->handleError(2, 'Invalid argumen...', '/home/alrifaig/...', 243, Array)
#1 /home/alrifaig/public_html/application/vendor/symfony/console/Application.php(965): Symfony\\Component\\Console\\Input\\ArgvInput->getFirstArgument()
#2 /home/alrifaig/public_html/application/vendor/laravel/framework/src/Illuminate/Console/Application.php(84): Symfony\\Component\\Console\\Application->getCommandName(Object(Symfony\\Component\\Console\\Input\\ArgvInput))
#3 /home/alrifaig/public_html/application/vendor/laravel/framework/src/Illuminate/Foundation/Console/Kernel.php(129): Illuminate\\Console\\Application->run(Object(Symfony\\Component\\Console\\Input\\ArgvInput), Object(Symfony\\Component\\Console\\Output\\ConsoleOutput))
#4 /home/alrifaig/public_html/application/artisan(37): Illuminate\\Foundation\\Console\\Kernel->handle(Object(Symfony\\Component\\Console\\Input\\ArgvInput), Object(Symfony\\Component\\Console\\Output\\ConsoleOutput))
#5 {main}
"} 
[2021-08-05 09:12:02] production.ERROR: Invalid argument supplied for foreach() {"exception":"[object] (ErrorException(code: 0): Invalid argument supplied for foreach() at /home/alrifaig/public_html/application/vendor/symfony/console/Input/ArgvInput.php:243)
[stacktrace]
#0 /home/alrifaig/public_html/application/vendor/symfony/console/Input/ArgvInput.php(243): Illuminate\\Foundation\\Bootstrap\\HandleExceptions->handleError(2, 'Invalid argumen...', '/home/alrifaig/...', 243, Array)
#1 /home/alrifaig/public_html/application/vendor/symfony/console/Application.php(965): Symfony\\Component\\Console\\Input\\ArgvInput->getFirstArgument()
#2 /home/alrifaig/public_html/application/vendor/laravel/framework/src/Illuminate/Console/Application.php(84): Symfony\\Component\\Console\\Application->getCommandName(Object(Symfony\\Component\\Console\\Input\\ArgvInput))
#3 /home/alrifaig/public_html/application/vendor/laravel/framework/src/Illuminate/Foundation/Console/Kernel.php(129): Illuminate\\Console\\Application->run(Object(Symfony\\Component\\Console\\Input\\ArgvInput), Object(Symfony\\Component\\Console\\Output\\ConsoleOutput))
#4 /home/alrifaig/public_html/application/artisan(37): Illuminate\\Foundation\\Console\\Kernel->handle(Object(Symfony\\Component\\Console\\Input\\ArgvInput), Object(Symfony\\Component\\Console\\Output\\ConsoleOutput))
#5 {main}
"} 
[2021-08-05 09:14:01] production.ERROR: Invalid argument supplied for foreach() {"exception":"[object] (ErrorException(code: 0): Invalid argument supplied for foreach() at /home/alrifaig/public_html/application/vendor/symfony/console/Input/ArgvInput.php:243)
[stacktrace]
#0 /home/alrifaig/public_html/application/vendor/symfony/console/Input/ArgvInput.php(243): Illuminate\\Foundation\\Bootstrap\\HandleExceptions->handleError(2, 'Invalid argumen...', '/home/alrifaig/...', 243, Array)
#1 /home/alrifaig/public_html/application/vendor/symfony/console/Application.php(965): Symfony\\Component\\Console\\Input\\ArgvInput->getFirstArgument()
#2 /home/alrifaig/public_html/application/vendor/laravel/framework/src/Illuminate/Console/Application.php(84): Symfony\\Component\\Console\\Application->getCommandName(Object(Symfony\\Component\\Console\\Input\\ArgvInput))
#3 /home/alrifaig/public_html/application/vendor/laravel/framework/src/Illuminate/Foundation/Console/Kernel.php(129): Illuminate\\Console\\Application->run(Object(Symfony\\Component\\Console\\Input\\ArgvInput), Object(Symfony\\Component\\Console\\Output\\ConsoleOutput))
#4 /home/alrifaig/public_html/application/artisan(37): Illuminate\\Foundation\\Console\\Kernel->handle(Object(Symfony\\Component\\Console\\Input\\ArgvInput), Object(Symfony\\Component\\Console\\Output\\ConsoleOutput))
#5 {main}
"} 
[2021-08-05 09:16:01] production.ERROR: Invalid argument supplied for foreach() {"exception":"[object] (ErrorException(code: 0): Invalid argument supplied for foreach() at /home/alrifaig/public_html/application/vendor/symfony/console/Input/ArgvInput.php:243)
[stacktrace]
#0 /home/alrifaig/public_html/application/vendor/symfony/console/Input/ArgvInput.php(243): Illuminate\\Foundation\\Bootstrap\\HandleExceptions->handleError(2, 'Invalid argumen...', '/home/alrifaig/...', 243, Array)
#1 /home/alrifaig/public_html/application/vendor/symfony/console/Application.php(965): Symfony\\Component\\Console\\Input\\ArgvInput->getFirstArgument()
#2 /home/alrifaig/public_html/application/vendor/laravel/framework/src/Illuminate/Console/Application.php(84): Symfony\\Component\\Console\\Application->getCommandName(Object(Symfony\\Component\\Console\\Input\\ArgvInput))
#3 /home/alrifaig/public_html/application/vendor/laravel/framework/src/Illuminate/Foundation/Console/Kernel.php(129): Illuminate\\Console\\Application->run(Object(Symfony\\Component\\Console\\Input\\ArgvInput), Object(Symfony\\Component\\Console\\Output\\ConsoleOutput))
#4 /home/alrifaig/public_html/application/artisan(37): Illuminate\\Foundation\\Console\\Kernel->handle(Object(Symfony\\Component\\Console\\Input\\ArgvInput), Object(Symfony\\Component\\Console\\Output\\ConsoleOutput))
#5 {main}
"} 
[2021-08-05 09:18:01] production.ERROR: Invalid argument supplied for foreach() {"exception":"[object] (ErrorException(code: 0): Invalid argument supplied for foreach() at /home/alrifaig/public_html/application/vendor/symfony/console/Input/ArgvInput.php:243)
[stacktrace]
#0 /home/alrifaig/public_html/application/vendor/symfony/console/Input/ArgvInput.php(243): Illuminate\\Foundation\\Bootstrap\\HandleExceptions->handleError(2, 'Invalid argumen...', '/home/alrifaig/...', 243, Array)
#1 /home/alrifaig/public_html/application/vendor/symfony/console/Application.php(965): Symfony\\Component\\Console\\Input\\ArgvInput->getFirstArgument()
#2 /home/alrifaig/public_html/application/vendor/laravel/framework/src/Illuminate/Console/Application.php(84): Symfony\\Component\\Console\\Application->getCommandName(Object(Symfony\\Component\\Console\\Input\\ArgvInput))
#3 /home/alrifaig/public_html/application/vendor/laravel/framework/src/Illuminate/Foundation/Console/Kernel.php(129): Illuminate\\Console\\Application->run(Object(Symfony\\Component\\Console\\Input\\ArgvInput), Object(Symfony\\Component\\Console\\Output\\ConsoleOutput))
#4 /home/alrifaig/public_html/application/artisan(37): Illuminate\\Foundation\\Console\\Kernel->handle(Object(Symfony\\Component\\Console\\Input\\ArgvInput), Object(Symfony\\Component\\Console\\Output\\ConsoleOutput))
#5 {main}
"} 
[2021-08-05 09:20:01] production.ERROR: Invalid argument supplied for foreach() {"exception":"[object] (ErrorException(code: 0): Invalid argument supplied for foreach() at /home/alrifaig/public_html/application/vendor/symfony/console/Input/ArgvInput.php:243)
[stacktrace]
#0 /home/alrifaig/public_html/application/vendor/symfony/console/Input/ArgvInput.php(243): Illuminate\\Foundation\\Bootstrap\\HandleExceptions->handleError(2, 'Invalid argumen...', '/home/alrifaig/...', 243, Array)
#1 /home/alrifaig/public_html/application/vendor/symfony/console/Application.php(965): Symfony\\Component\\Console\\Input\\ArgvInput->getFirstArgument()
#2 /home/alrifaig/public_html/application/vendor/laravel/framework/src/Illuminate/Console/Application.php(84): Symfony\\Component\\Console\\Application->getCommandName(Object(Symfony\\Component\\Console\\Input\\ArgvInput))
#3 /home/alrifaig/public_html/application/vendor/laravel/framework/src/Illuminate/Foundation/Console/Kernel.php(129): Illuminate\\Console\\Application->run(Object(Symfony\\Component\\Console\\Input\\ArgvInput), Object(Symfony\\Component\\Console\\Output\\ConsoleOutput))
#4 /home/alrifaig/public_html/application/artisan(37): Illuminate\\Foundation\\Console\\Kernel->handle(Object(Symfony\\Component\\Console\\Input\\ArgvInput), Object(Symfony\\Component\\Console\\Output\\ConsoleOutput))
#5 {main}
"} 
[2021-08-05 09:22:01] production.ERROR: Invalid argument supplied for foreach() {"exception":"[object] (ErrorException(code: 0): Invalid argument supplied for foreach() at /home/alrifaig/public_html/application/vendor/symfony/console/Input/ArgvInput.php:243)
[stacktrace]
#0 /home/alrifaig/public_html/application/vendor/symfony/console/Input/ArgvInput.php(243): Illuminate\\Foundation\\Bootstrap\\HandleExceptions->handleError(2, 'Invalid argumen...', '/home/alrifaig/...', 243, Array)
#1 /home/alrifaig/public_html/application/vendor/symfony/console/Application.php(965): Symfony\\Component\\Console\\Input\\ArgvInput->getFirstArgument()
#2 /home/alrifaig/public_html/application/vendor/laravel/framework/src/Illuminate/Console/Application.php(84): Symfony\\Component\\Console\\Application->getCommandName(Object(Symfony\\Component\\Console\\Input\\ArgvInput))
#3 /home/alrifaig/public_html/application/vendor/laravel/framework/src/Illuminate/Foundation/Console/Kernel.php(129): Illuminate\\Console\\Application->run(Object(Symfony\\Component\\Console\\Input\\ArgvInput), Object(Symfony\\Component\\Console\\Output\\ConsoleOutput))
#4 /home/alrifaig/public_html/application/artisan(37): Illuminate\\Foundation\\Console\\Kernel->handle(Object(Symfony\\Component\\Console\\Input\\ArgvInput), Object(Symfony\\Component\\Console\\Output\\ConsoleOutput))
#5 {main}
"} 
[2021-08-05 09:24:01] production.ERROR: Invalid argument supplied for foreach() {"exception":"[object] (ErrorException(code: 0): Invalid argument supplied for foreach() at /home/alrifaig/public_html/application/vendor/symfony/console/Input/ArgvInput.php:243)
[stacktrace]
#0 /home/alrifaig/public_html/application/vendor/symfony/console/Input/ArgvInput.php(243): Illuminate\\Foundation\\Bootstrap\\HandleExceptions->handleError(2, 'Invalid argumen...', '/home/alrifaig/...', 243, Array)
#1 /home/alrifaig/public_html/application/vendor/symfony/console/Application.php(965): Symfony\\Component\\Console\\Input\\ArgvInput->getFirstArgument()
#2 /home/alrifaig/public_html/application/vendor/laravel/framework/src/Illuminate/Console/Application.php(84): Symfony\\Component\\Console\\Application->getCommandName(Object(Symfony\\Component\\Console\\Input\\ArgvInput))
#3 /home/alrifaig/public_html/application/vendor/laravel/framework/src/Illuminate/Foundation/Console/Kernel.php(129): Illuminate\\Console\\Application->run(Object(Symfony\\Component\\Console\\Input\\ArgvInput), Object(Symfony\\Component\\Console\\Output\\ConsoleOutput))
#4 /home/alrifaig/public_html/application/artisan(37): Illuminate\\Foundation\\Console\\Kernel->handle(Object(Symfony\\Component\\Console\\Input\\ArgvInput), Object(Symfony\\Component\\Console\\Output\\ConsoleOutput))
#5 {main}
"} 
[2021-08-05 09:26:02] production.ERROR: Invalid argument supplied for foreach() {"exception":"[object] (ErrorException(code: 0): Invalid argument supplied for foreach() at /home/alrifaig/public_html/application/vendor/symfony/console/Input/ArgvInput.php:243)
[stacktrace]
#0 /home/alrifaig/public_html/application/vendor/symfony/console/Input/ArgvInput.php(243): Illuminate\\Foundation\\Bootstrap\\HandleExceptions->handleError(2, 'Invalid argumen...', '/home/alrifaig/...', 243, Array)
#1 /home/alrifaig/public_html/application/vendor/symfony/console/Application.php(965): Symfony\\Component\\Console\\Input\\ArgvInput->getFirstArgument()
#2 /home/alrifaig/public_html/application/vendor/laravel/framework/src/Illuminate/Console/Application.php(84): Symfony\\Component\\Console\\Application->getCommandName(Object(Symfony\\Component\\Console\\Input\\ArgvInput))
#3 /home/alrifaig/public_html/application/vendor/laravel/framework/src/Illuminate/Foundation/Console/Kernel.php(129): Illuminate\\Console\\Application->run(Object(Symfony\\Component\\Console\\Input\\ArgvInput), Object(Symfony\\Component\\Console\\Output\\ConsoleOutput))
#4 /home/alrifaig/public_html/application/artisan(37): Illuminate\\Foundation\\Console\\Kernel->handle(Object(Symfony\\Component\\Console\\Input\\ArgvInput), Object(Symfony\\Component\\Console\\Output\\ConsoleOutput))
#5 {main}
"} 
[2021-08-05 09:28:01] production.ERROR: Invalid argument supplied for foreach() {"exception":"[object] (ErrorException(code: 0): Invalid argument supplied for foreach() at /home/alrifaig/public_html/application/vendor/symfony/console/Input/ArgvInput.php:243)
[stacktrace]
#0 /home/alrifaig/public_html/application/vendor/symfony/console/Input/ArgvInput.php(243): Illuminate\\Foundation\\Bootstrap\\HandleExceptions->handleError(2, 'Invalid argumen...', '/home/alrifaig/...', 243, Array)
#1 /home/alrifaig/public_html/application/vendor/symfony/console/Application.php(965): Symfony\\Component\\Console\\Input\\ArgvInput->getFirstArgument()
#2 /home/alrifaig/public_html/application/vendor/laravel/framework/src/Illuminate/Console/Application.php(84): Symfony\\Component\\Console\\Application->getCommandName(Object(Symfony\\Component\\Console\\Input\\ArgvInput))
#3 /home/alrifaig/public_html/application/vendor/laravel/framework/src/Illuminate/Foundation/Console/Kernel.php(129): Illuminate\\Console\\Application->run(Object(Symfony\\Component\\Console\\Input\\ArgvInput), Object(Symfony\\Component\\Console\\Output\\ConsoleOutput))
#4 /home/alrifaig/public_html/application/artisan(37): Illuminate\\Foundation\\Console\\Kernel->handle(Object(Symfony\\Component\\Console\\Input\\ArgvInput), Object(Symfony\\Component\\Console\\Output\\ConsoleOutput))
#5 {main}
"} 
[2021-08-05 09:30:02] production.ERROR: Invalid argument supplied for foreach() {"exception":"[object] (ErrorException(code: 0): Invalid argument supplied for foreach() at /home/alrifaig/public_html/application/vendor/symfony/console/Input/ArgvInput.php:243)
[stacktrace]
#0 /home/alrifaig/public_html/application/vendor/symfony/console/Input/ArgvInput.php(243): Illuminate\\Foundation\\Bootstrap\\HandleExceptions->handleError(2, 'Invalid argumen...', '/home/alrifaig/...', 243, Array)
#1 /home/alrifaig/public_html/application/vendor/symfony/console/Application.php(965): Symfony\\Component\\Console\\Input\\ArgvInput->getFirstArgument()
#2 /home/alrifaig/public_html/application/vendor/laravel/framework/src/Illuminate/Console/Application.php(84): Symfony\\Component\\Console\\Application->getCommandName(Object(Symfony\\Component\\Console\\Input\\ArgvInput))
#3 /home/alrifaig/public_html/application/vendor/laravel/framework/src/Illuminate/Foundation/Console/Kernel.php(129): Illuminate\\Console\\Application->run(Object(Symfony\\Component\\Console\\Input\\ArgvInput), Object(Symfony\\Component\\Console\\Output\\ConsoleOutput))
#4 /home/alrifaig/public_html/application/artisan(37): Illuminate\\Foundation\\Console\\Kernel->handle(Object(Symfony\\Component\\Console\\Input\\ArgvInput), Object(Symfony\\Component\\Console\\Output\\ConsoleOutput))
#5 {main}
"} 
[2021-08-05 09:32:01] production.ERROR: Invalid argument supplied for foreach() {"exception":"[object] (ErrorException(code: 0): Invalid argument supplied for foreach() at /home/alrifaig/public_html/application/vendor/symfony/console/Input/ArgvInput.php:243)
[stacktrace]
#0 /home/alrifaig/public_html/application/vendor/symfony/console/Input/ArgvInput.php(243): Illuminate\\Foundation\\Bootstrap\\HandleExceptions->handleError(2, 'Invalid argumen...', '/home/alrifaig/...', 243, Array)
#1 /home/alrifaig/public_html/application/vendor/symfony/console/Application.php(965): Symfony\\Component\\Console\\Input\\ArgvInput->getFirstArgument()
#2 /home/alrifaig/public_html/application/vendor/laravel/framework/src/Illuminate/Console/Application.php(84): Symfony\\Component\\Console\\Application->getCommandName(Object(Symfony\\Component\\Console\\Input\\ArgvInput))
#3 /home/alrifaig/public_html/application/vendor/laravel/framework/src/Illuminate/Foundation/Console/Kernel.php(129): Illuminate\\Console\\Application->run(Object(Symfony\\Component\\Console\\Input\\ArgvInput), Object(Symfony\\Component\\Console\\Output\\ConsoleOutput))
#4 /home/alrifaig/public_html/application/artisan(37): Illuminate\\Foundation\\Console\\Kernel->handle(Object(Symfony\\Component\\Console\\Input\\ArgvInput), Object(Symfony\\Component\\Console\\Output\\ConsoleOutput))
#5 {main}
"} 
[2021-08-05 09:34:02] production.ERROR: Invalid argument supplied for foreach() {"exception":"[object] (ErrorException(code: 0): Invalid argument supplied for foreach() at /home/alrifaig/public_html/application/vendor/symfony/console/Input/ArgvInput.php:243)
[stacktrace]
#0 /home/alrifaig/public_html/application/vendor/symfony/console/Input/ArgvInput.php(243): Illuminate\\Foundation\\Bootstrap\\HandleExceptions->handleError(2, 'Invalid argumen...', '/home/alrifaig/...', 243, Array)
#1 /home/alrifaig/public_html/application/vendor/symfony/console/Application.php(965): Symfony\\Component\\Console\\Input\\ArgvInput->getFirstArgument()
#2 /home/alrifaig/public_html/application/vendor/laravel/framework/src/Illuminate/Console/Application.php(84): Symfony\\Component\\Console\\Application->getCommandName(Object(Symfony\\Component\\Console\\Input\\ArgvInput))
#3 /home/alrifaig/public_html/application/vendor/laravel/framework/src/Illuminate/Foundation/Console/Kernel.php(129): Illuminate\\Console\\Application->run(Object(Symfony\\Component\\Console\\Input\\ArgvInput), Object(Symfony\\Component\\Console\\Output\\ConsoleOutput))
#4 /home/alrifaig/public_html/application/artisan(37): Illuminate\\Foundation\\Console\\Kernel->handle(Object(Symfony\\Component\\Console\\Input\\ArgvInput), Object(Symfony\\Component\\Console\\Output\\ConsoleOutput))
#5 {main}
"} 
[2021-08-05 09:36:01] production.ERROR: Invalid argument supplied for foreach() {"exception":"[object] (ErrorException(code: 0): Invalid argument supplied for foreach() at /home/alrifaig/public_html/application/vendor/symfony/console/Input/ArgvInput.php:243)
[stacktrace]
#0 /home/alrifaig/public_html/application/vendor/symfony/console/Input/ArgvInput.php(243): Illuminate\\Foundation\\Bootstrap\\HandleExceptions->handleError(2, 'Invalid argumen...', '/home/alrifaig/...', 243, Array)
#1 /home/alrifaig/public_html/application/vendor/symfony/console/Application.php(965): Symfony\\Component\\Console\\Input\\ArgvInput->getFirstArgument()
#2 /home/alrifaig/public_html/application/vendor/laravel/framework/src/Illuminate/Console/Application.php(84): Symfony\\Component\\Console\\Application->getCommandName(Object(Symfony\\Component\\Console\\Input\\ArgvInput))
#3 /home/alrifaig/public_html/application/vendor/laravel/framework/src/Illuminate/Foundation/Console/Kernel.php(129): Illuminate\\Console\\Application->run(Object(Symfony\\Component\\Console\\Input\\ArgvInput), Object(Symfony\\Component\\Console\\Output\\ConsoleOutput))
#4 /home/alrifaig/public_html/application/artisan(37): Illuminate\\Foundation\\Console\\Kernel->handle(Object(Symfony\\Component\\Console\\Input\\ArgvInput), Object(Symfony\\Component\\Console\\Output\\ConsoleOutput))
#5 {main}
"} 
[2021-08-05 09:38:01] production.ERROR: Invalid argument supplied for foreach() {"exception":"[object] (ErrorException(code: 0): Invalid argument supplied for foreach() at /home/alrifaig/public_html/application/vendor/symfony/console/Input/ArgvInput.php:243)
[stacktrace]
#0 /home/alrifaig/public_html/application/vendor/symfony/console/Input/ArgvInput.php(243): Illuminate\\Foundation\\Bootstrap\\HandleExceptions->handleError(2, 'Invalid argumen...', '/home/alrifaig/...', 243, Array)
#1 /home/alrifaig/public_html/application/vendor/symfony/console/Application.php(965): Symfony\\Component\\Console\\Input\\ArgvInput->getFirstArgument()
#2 /home/alrifaig/public_html/application/vendor/laravel/framework/src/Illuminate/Console/Application.php(84): Symfony\\Component\\Console\\Application->getCommandName(Object(Symfony\\Component\\Console\\Input\\ArgvInput))
#3 /home/alrifaig/public_html/application/vendor/laravel/framework/src/Illuminate/Foundation/Console/Kernel.php(129): Illuminate\\Console\\Application->run(Object(Symfony\\Component\\Console\\Input\\ArgvInput), Object(Symfony\\Component\\Console\\Output\\ConsoleOutput))
#4 /home/alrifaig/public_html/application/artisan(37): Illuminate\\Foundation\\Console\\Kernel->handle(Object(Symfony\\Component\\Console\\Input\\ArgvInput), Object(Symfony\\Component\\Console\\Output\\ConsoleOutput))
#5 {main}
"} 
[2021-08-05 09:40:02] production.ERROR: Invalid argument supplied for foreach() {"exception":"[object] (ErrorException(code: 0): Invalid argument supplied for foreach() at /home/alrifaig/public_html/application/vendor/symfony/console/Input/ArgvInput.php:243)
[stacktrace]
#0 /home/alrifaig/public_html/application/vendor/symfony/console/Input/ArgvInput.php(243): Illuminate\\Foundation\\Bootstrap\\HandleExceptions->handleError(2, 'Invalid argumen...', '/home/alrifaig/...', 243, Array)
#1 /home/alrifaig/public_html/application/vendor/symfony/console/Application.php(965): Symfony\\Component\\Console\\Input\\ArgvInput->getFirstArgument()
#2 /home/alrifaig/public_html/application/vendor/laravel/framework/src/Illuminate/Console/Application.php(84): Symfony\\Component\\Console\\Application->getCommandName(Object(Symfony\\Component\\Console\\Input\\ArgvInput))
#3 /home/alrifaig/public_html/application/vendor/laravel/framework/src/Illuminate/Foundation/Console/Kernel.php(129): Illuminate\\Console\\Application->run(Object(Symfony\\Component\\Console\\Input\\ArgvInput), Object(Symfony\\Component\\Console\\Output\\ConsoleOutput))
#4 /home/alrifaig/public_html/application/artisan(37): Illuminate\\Foundation\\Console\\Kernel->handle(Object(Symfony\\Component\\Console\\Input\\ArgvInput), Object(Symfony\\Component\\Console\\Output\\ConsoleOutput))
#5 {main}
"} 
[2021-08-05 09:42:02] production.ERROR: Invalid argument supplied for foreach() {"exception":"[object] (ErrorException(code: 0): Invalid argument supplied for foreach() at /home/alrifaig/public_html/application/vendor/symfony/console/Input/ArgvInput.php:243)
[stacktrace]
#0 /home/alrifaig/public_html/application/vendor/symfony/console/Input/ArgvInput.php(243): Illuminate\\Foundation\\Bootstrap\\HandleExceptions->handleError(2, 'Invalid argumen...', '/home/alrifaig/...', 243, Array)
#1 /home/alrifaig/public_html/application/vendor/symfony/console/Application.php(965): Symfony\\Component\\Console\\Input\\ArgvInput->getFirstArgument()
#2 /home/alrifaig/public_html/application/vendor/laravel/framework/src/Illuminate/Console/Application.php(84): Symfony\\Component\\Console\\Application->getCommandName(Object(Symfony\\Component\\Console\\Input\\ArgvInput))
#3 /home/alrifaig/public_html/application/vendor/laravel/framework/src/Illuminate/Foundation/Console/Kernel.php(129): Illuminate\\Console\\Application->run(Object(Symfony\\Component\\Console\\Input\\ArgvInput), Object(Symfony\\Component\\Console\\Output\\ConsoleOutput))
#4 /home/alrifaig/public_html/application/artisan(37): Illuminate\\Foundation\\Console\\Kernel->handle(Object(Symfony\\Component\\Console\\Input\\ArgvInput), Object(Symfony\\Component\\Console\\Output\\ConsoleOutput))
#5 {main}
"} 
[2021-08-05 09:44:01] production.ERROR: Invalid argument supplied for foreach() {"exception":"[object] (ErrorException(code: 0): Invalid argument supplied for foreach() at /home/alrifaig/public_html/application/vendor/symfony/console/Input/ArgvInput.php:243)
[stacktrace]
#0 /home/alrifaig/public_html/application/vendor/symfony/console/Input/ArgvInput.php(243): Illuminate\\Foundation\\Bootstrap\\HandleExceptions->handleError(2, 'Invalid argumen...', '/home/alrifaig/...', 243, Array)
#1 /home/alrifaig/public_html/application/vendor/symfony/console/Application.php(965): Symfony\\Component\\Console\\Input\\ArgvInput->getFirstArgument()
#2 /home/alrifaig/public_html/application/vendor/laravel/framework/src/Illuminate/Console/Application.php(84): Symfony\\Component\\Console\\Application->getCommandName(Object(Symfony\\Component\\Console\\Input\\ArgvInput))
#3 /home/alrifaig/public_html/application/vendor/laravel/framework/src/Illuminate/Foundation/Console/Kernel.php(129): Illuminate\\Console\\Application->run(Object(Symfony\\Component\\Console\\Input\\ArgvInput), Object(Symfony\\Component\\Console\\Output\\ConsoleOutput))
#4 /home/alrifaig/public_html/application/artisan(37): Illuminate\\Foundation\\Console\\Kernel->handle(Object(Symfony\\Component\\Console\\Input\\ArgvInput), Object(Symfony\\Component\\Console\\Output\\ConsoleOutput))
#5 {main}
"} 
[2021-08-05 09:46:01] production.ERROR: Invalid argument supplied for foreach() {"exception":"[object] (ErrorException(code: 0): Invalid argument supplied for foreach() at /home/alrifaig/public_html/application/vendor/symfony/console/Input/ArgvInput.php:243)
[stacktrace]
#0 /home/alrifaig/public_html/application/vendor/symfony/console/Input/ArgvInput.php(243): Illuminate\\Foundation\\Bootstrap\\HandleExceptions->handleError(2, 'Invalid argumen...', '/home/alrifaig/...', 243, Array)
#1 /home/alrifaig/public_html/application/vendor/symfony/console/Application.php(965): Symfony\\Component\\Console\\Input\\ArgvInput->getFirstArgument()
#2 /home/alrifaig/public_html/application/vendor/laravel/framework/src/Illuminate/Console/Application.php(84): Symfony\\Component\\Console\\Application->getCommandName(Object(Symfony\\Component\\Console\\Input\\ArgvInput))
#3 /home/alrifaig/public_html/application/vendor/laravel/framework/src/Illuminate/Foundation/Console/Kernel.php(129): Illuminate\\Console\\Application->run(Object(Symfony\\Component\\Console\\Input\\ArgvInput), Object(Symfony\\Component\\Console\\Output\\ConsoleOutput))
#4 /home/alrifaig/public_html/application/artisan(37): Illuminate\\Foundation\\Console\\Kernel->handle(Object(Symfony\\Component\\Console\\Input\\ArgvInput), Object(Symfony\\Component\\Console\\Output\\ConsoleOutput))
#5 {main}
"} 
[2021-08-05 09:48:01] production.ERROR: Invalid argument supplied for foreach() {"exception":"[object] (ErrorException(code: 0): Invalid argument supplied for foreach() at /home/alrifaig/public_html/application/vendor/symfony/console/Input/ArgvInput.php:243)
[stacktrace]
#0 /home/alrifaig/public_html/application/vendor/symfony/console/Input/ArgvInput.php(243): Illuminate\\Foundation\\Bootstrap\\HandleExceptions->handleError(2, 'Invalid argumen...', '/home/alrifaig/...', 243, Array)
#1 /home/alrifaig/public_html/application/vendor/symfony/console/Application.php(965): Symfony\\Component\\Console\\Input\\ArgvInput->getFirstArgument()
#2 /home/alrifaig/public_html/application/vendor/laravel/framework/src/Illuminate/Console/Application.php(84): Symfony\\Component\\Console\\Application->getCommandName(Object(Symfony\\Component\\Console\\Input\\ArgvInput))
#3 /home/alrifaig/public_html/application/vendor/laravel/framework/src/Illuminate/Foundation/Console/Kernel.php(129): Illuminate\\Console\\Application->run(Object(Symfony\\Component\\Console\\Input\\ArgvInput), Object(Symfony\\Component\\Console\\Output\\ConsoleOutput))
#4 /home/alrifaig/public_html/application/artisan(37): Illuminate\\Foundation\\Console\\Kernel->handle(Object(Symfony\\Component\\Console\\Input\\ArgvInput), Object(Symfony\\Component\\Console\\Output\\ConsoleOutput))
#5 {main}
"} 
[2021-08-05 09:50:01] production.ERROR: Invalid argument supplied for foreach() {"exception":"[object] (ErrorException(code: 0): Invalid argument supplied for foreach() at /home/alrifaig/public_html/application/vendor/symfony/console/Input/ArgvInput.php:243)
[stacktrace]
#0 /home/alrifaig/public_html/application/vendor/symfony/console/Input/ArgvInput.php(243): Illuminate\\Foundation\\Bootstrap\\HandleExceptions->handleError(2, 'Invalid argumen...', '/home/alrifaig/...', 243, Array)
#1 /home/alrifaig/public_html/application/vendor/symfony/console/Application.php(965): Symfony\\Component\\Console\\Input\\ArgvInput->getFirstArgument()
#2 /home/alrifaig/public_html/application/vendor/laravel/framework/src/Illuminate/Console/Application.php(84): Symfony\\Component\\Console\\Application->getCommandName(Object(Symfony\\Component\\Console\\Input\\ArgvInput))
#3 /home/alrifaig/public_html/application/vendor/laravel/framework/src/Illuminate/Foundation/Console/Kernel.php(129): Illuminate\\Console\\Application->run(Object(Symfony\\Component\\Console\\Input\\ArgvInput), Object(Symfony\\Component\\Console\\Output\\ConsoleOutput))
#4 /home/alrifaig/public_html/application/artisan(37): Illuminate\\Foundation\\Console\\Kernel->handle(Object(Symfony\\Component\\Console\\Input\\ArgvInput), Object(Symfony\\Component\\Console\\Output\\ConsoleOutput))
#5 {main}
"} 
[2021-08-05 09:52:02] production.ERROR: Invalid argument supplied for foreach() {"exception":"[object] (ErrorException(code: 0): Invalid argument supplied for foreach() at /home/alrifaig/public_html/application/vendor/symfony/console/Input/ArgvInput.php:243)
[stacktrace]
#0 /home/alrifaig/public_html/application/vendor/symfony/console/Input/ArgvInput.php(243): Illuminate\\Foundation\\Bootstrap\\HandleExceptions->handleError(2, 'Invalid argumen...', '/home/alrifaig/...', 243, Array)
#1 /home/alrifaig/public_html/application/vendor/symfony/console/Application.php(965): Symfony\\Component\\Console\\Input\\ArgvInput->getFirstArgument()
#2 /home/alrifaig/public_html/application/vendor/laravel/framework/src/Illuminate/Console/Application.php(84): Symfony\\Component\\Console\\Application->getCommandName(Object(Symfony\\Component\\Console\\Input\\ArgvInput))
#3 /home/alrifaig/public_html/application/vendor/laravel/framework/src/Illuminate/Foundation/Console/Kernel.php(129): Illuminate\\Console\\Application->run(Object(Symfony\\Component\\Console\\Input\\ArgvInput), Object(Symfony\\Component\\Console\\Output\\ConsoleOutput))
#4 /home/alrifaig/public_html/application/artisan(37): Illuminate\\Foundation\\Console\\Kernel->handle(Object(Symfony\\Component\\Console\\Input\\ArgvInput), Object(Symfony\\Component\\Console\\Output\\ConsoleOutput))
#5 {main}
"} 
[2021-08-05 09:54:01] production.ERROR: Invalid argument supplied for foreach() {"exception":"[object] (ErrorException(code: 0): Invalid argument supplied for foreach() at /home/alrifaig/public_html/application/vendor/symfony/console/Input/ArgvInput.php:243)
[stacktrace]
#0 /home/alrifaig/public_html/application/vendor/symfony/console/Input/ArgvInput.php(243): Illuminate\\Foundation\\Bootstrap\\HandleExceptions->handleError(2, 'Invalid argumen...', '/home/alrifaig/...', 243, Array)
#1 /home/alrifaig/public_html/application/vendor/symfony/console/Application.php(965): Symfony\\Component\\Console\\Input\\ArgvInput->getFirstArgument()
#2 /home/alrifaig/public_html/application/vendor/laravel/framework/src/Illuminate/Console/Application.php(84): Symfony\\Component\\Console\\Application->getCommandName(Object(Symfony\\Component\\Console\\Input\\ArgvInput))
#3 /home/alrifaig/public_html/application/vendor/laravel/framework/src/Illuminate/Foundation/Console/Kernel.php(129): Illuminate\\Console\\Application->run(Object(Symfony\\Component\\Console\\Input\\ArgvInput), Object(Symfony\\Component\\Console\\Output\\ConsoleOutput))
#4 /home/alrifaig/public_html/application/artisan(37): Illuminate\\Foundation\\Console\\Kernel->handle(Object(Symfony\\Component\\Console\\Input\\ArgvInput), Object(Symfony\\Component\\Console\\Output\\ConsoleOutput))
#5 {main}
"} 
[2021-08-05 09:56:01] production.ERROR: Invalid argument supplied for foreach() {"exception":"[object] (ErrorException(code: 0): Invalid argument supplied for foreach() at /home/alrifaig/public_html/application/vendor/symfony/console/Input/ArgvInput.php:243)
[stacktrace]
#0 /home/alrifaig/public_html/application/vendor/symfony/console/Input/ArgvInput.php(243): Illuminate\\Foundation\\Bootstrap\\HandleExceptions->handleError(2, 'Invalid argumen...', '/home/alrifaig/...', 243, Array)
#1 /home/alrifaig/public_html/application/vendor/symfony/console/Application.php(965): Symfony\\Component\\Console\\Input\\ArgvInput->getFirstArgument()
#2 /home/alrifaig/public_html/application/vendor/laravel/framework/src/Illuminate/Console/Application.php(84): Symfony\\Component\\Console\\Application->getCommandName(Object(Symfony\\Component\\Console\\Input\\ArgvInput))
#3 /home/alrifaig/public_html/application/vendor/laravel/framework/src/Illuminate/Foundation/Console/Kernel.php(129): Illuminate\\Console\\Application->run(Object(Symfony\\Component\\Console\\Input\\ArgvInput), Object(Symfony\\Component\\Console\\Output\\ConsoleOutput))
#4 /home/alrifaig/public_html/application/artisan(37): Illuminate\\Foundation\\Console\\Kernel->handle(Object(Symfony\\Component\\Console\\Input\\ArgvInput), Object(Symfony\\Component\\Console\\Output\\ConsoleOutput))
#5 {main}
"} 
[2021-08-05 09:58:01] production.ERROR: Invalid argument supplied for foreach() {"exception":"[object] (ErrorException(code: 0): Invalid argument supplied for foreach() at /home/alrifaig/public_html/application/vendor/symfony/console/Input/ArgvInput.php:243)
[stacktrace]
#0 /home/alrifaig/public_html/application/vendor/symfony/console/Input/ArgvInput.php(243): Illuminate\\Foundation\\Bootstrap\\HandleExceptions->handleError(2, 'Invalid argumen...', '/home/alrifaig/...', 243, Array)
#1 /home/alrifaig/public_html/application/vendor/symfony/console/Application.php(965): Symfony\\Component\\Console\\Input\\ArgvInput->getFirstArgument()
#2 /home/alrifaig/public_html/application/vendor/laravel/framework/src/Illuminate/Console/Application.php(84): Symfony\\Component\\Console\\Application->getCommandName(Object(Symfony\\Component\\Console\\Input\\ArgvInput))
#3 /home/alrifaig/public_html/application/vendor/laravel/framework/src/Illuminate/Foundation/Console/Kernel.php(129): Illuminate\\Console\\Application->run(Object(Symfony\\Component\\Console\\Input\\ArgvInput), Object(Symfony\\Component\\Console\\Output\\ConsoleOutput))
#4 /home/alrifaig/public_html/application/artisan(37): Illuminate\\Foundation\\Console\\Kernel->handle(Object(Symfony\\Component\\Console\\Input\\ArgvInput), Object(Symfony\\Component\\Console\\Output\\ConsoleOutput))
#5 {main}
"} 
[2021-08-05 10:00:02] production.ERROR: Invalid argument supplied for foreach() {"exception":"[object] (ErrorException(code: 0): Invalid argument supplied for foreach() at /home/alrifaig/public_html/application/vendor/symfony/console/Input/ArgvInput.php:243)
[stacktrace]
#0 /home/alrifaig/public_html/application/vendor/symfony/console/Input/ArgvInput.php(243): Illuminate\\Foundation\\Bootstrap\\HandleExceptions->handleError(2, 'Invalid argumen...', '/home/alrifaig/...', 243, Array)
#1 /home/alrifaig/public_html/application/vendor/symfony/console/Application.php(965): Symfony\\Component\\Console\\Input\\ArgvInput->getFirstArgument()
#2 /home/alrifaig/public_html/application/vendor/laravel/framework/src/Illuminate/Console/Application.php(84): Symfony\\Component\\Console\\Application->getCommandName(Object(Symfony\\Component\\Console\\Input\\ArgvInput))
#3 /home/alrifaig/public_html/application/vendor/laravel/framework/src/Illuminate/Foundation/Console/Kernel.php(129): Illuminate\\Console\\Application->run(Object(Symfony\\Component\\Console\\Input\\ArgvInput), Object(Symfony\\Component\\Console\\Output\\ConsoleOutput))
#4 /home/alrifaig/public_html/application/artisan(37): Illuminate\\Foundation\\Console\\Kernel->handle(Object(Symfony\\Component\\Console\\Input\\ArgvInput), Object(Symfony\\Component\\Console\\Output\\ConsoleOutput))
#5 {main}
"} 
[2021-08-05 10:02:02] production.ERROR: Invalid argument supplied for foreach() {"exception":"[object] (ErrorException(code: 0): Invalid argument supplied for foreach() at /home/alrifaig/public_html/application/vendor/symfony/console/Input/ArgvInput.php:243)
[stacktrace]
#0 /home/alrifaig/public_html/application/vendor/symfony/console/Input/ArgvInput.php(243): Illuminate\\Foundation\\Bootstrap\\HandleExceptions->handleError(2, 'Invalid argumen...', '/home/alrifaig/...', 243, Array)
#1 /home/alrifaig/public_html/application/vendor/symfony/console/Application.php(965): Symfony\\Component\\Console\\Input\\ArgvInput->getFirstArgument()
#2 /home/alrifaig/public_html/application/vendor/laravel/framework/src/Illuminate/Console/Application.php(84): Symfony\\Component\\Console\\Application->getCommandName(Object(Symfony\\Component\\Console\\Input\\ArgvInput))
#3 /home/alrifaig/public_html/application/vendor/laravel/framework/src/Illuminate/Foundation/Console/Kernel.php(129): Illuminate\\Console\\Application->run(Object(Symfony\\Component\\Console\\Input\\ArgvInput), Object(Symfony\\Component\\Console\\Output\\ConsoleOutput))
#4 /home/alrifaig/public_html/application/artisan(37): Illuminate\\Foundation\\Console\\Kernel->handle(Object(Symfony\\Component\\Console\\Input\\ArgvInput), Object(Symfony\\Component\\Console\\Output\\ConsoleOutput))
#5 {main}
"} 
[2021-08-05 10:04:01] production.ERROR: Invalid argument supplied for foreach() {"exception":"[object] (ErrorException(code: 0): Invalid argument supplied for foreach() at /home/alrifaig/public_html/application/vendor/symfony/console/Input/ArgvInput.php:243)
[stacktrace]
#0 /home/alrifaig/public_html/application/vendor/symfony/console/Input/ArgvInput.php(243): Illuminate\\Foundation\\Bootstrap\\HandleExceptions->handleError(2, 'Invalid argumen...', '/home/alrifaig/...', 243, Array)
#1 /home/alrifaig/public_html/application/vendor/symfony/console/Application.php(965): Symfony\\Component\\Console\\Input\\ArgvInput->getFirstArgument()
#2 /home/alrifaig/public_html/application/vendor/laravel/framework/src/Illuminate/Console/Application.php(84): Symfony\\Component\\Console\\Application->getCommandName(Object(Symfony\\Component\\Console\\Input\\ArgvInput))
#3 /home/alrifaig/public_html/application/vendor/laravel/framework/src/Illuminate/Foundation/Console/Kernel.php(129): Illuminate\\Console\\Application->run(Object(Symfony\\Component\\Console\\Input\\ArgvInput), Object(Symfony\\Component\\Console\\Output\\ConsoleOutput))
#4 /home/alrifaig/public_html/application/artisan(37): Illuminate\\Foundation\\Console\\Kernel->handle(Object(Symfony\\Component\\Console\\Input\\ArgvInput), Object(Symfony\\Component\\Console\\Output\\ConsoleOutput))
#5 {main}
"} 
[2021-08-05 10:06:01] production.ERROR: Invalid argument supplied for foreach() {"exception":"[object] (ErrorException(code: 0): Invalid argument supplied for foreach() at /home/alrifaig/public_html/application/vendor/symfony/console/Input/ArgvInput.php:243)
[stacktrace]
#0 /home/alrifaig/public_html/application/vendor/symfony/console/Input/ArgvInput.php(243): Illuminate\\Foundation\\Bootstrap\\HandleExceptions->handleError(2, 'Invalid argumen...', '/home/alrifaig/...', 243, Array)
#1 /home/alrifaig/public_html/application/vendor/symfony/console/Application.php(965): Symfony\\Component\\Console\\Input\\ArgvInput->getFirstArgument()
#2 /home/alrifaig/public_html/application/vendor/laravel/framework/src/Illuminate/Console/Application.php(84): Symfony\\Component\\Console\\Application->getCommandName(Object(Symfony\\Component\\Console\\Input\\ArgvInput))
#3 /home/alrifaig/public_html/application/vendor/laravel/framework/src/Illuminate/Foundation/Console/Kernel.php(129): Illuminate\\Console\\Application->run(Object(Symfony\\Component\\Console\\Input\\ArgvInput), Object(Symfony\\Component\\Console\\Output\\ConsoleOutput))
#4 /home/alrifaig/public_html/application/artisan(37): Illuminate\\Foundation\\Console\\Kernel->handle(Object(Symfony\\Component\\Console\\Input\\ArgvInput), Object(Symfony\\Component\\Console\\Output\\ConsoleOutput))
#5 {main}
"} 
[2021-08-05 10:08:02] production.ERROR: Invalid argument supplied for foreach() {"exception":"[object] (ErrorException(code: 0): Invalid argument supplied for foreach() at /home/alrifaig/public_html/application/vendor/symfony/console/Input/ArgvInput.php:243)
[stacktrace]
#0 /home/alrifaig/public_html/application/vendor/symfony/console/Input/ArgvInput.php(243): Illuminate\\Foundation\\Bootstrap\\HandleExceptions->handleError(2, 'Invalid argumen...', '/home/alrifaig/...', 243, Array)
#1 /home/alrifaig/public_html/application/vendor/symfony/console/Application.php(965): Symfony\\Component\\Console\\Input\\ArgvInput->getFirstArgument()
#2 /home/alrifaig/public_html/application/vendor/laravel/framework/src/Illuminate/Console/Application.php(84): Symfony\\Component\\Console\\Application->getCommandName(Object(Symfony\\Component\\Console\\Input\\ArgvInput))
#3 /home/alrifaig/public_html/application/vendor/laravel/framework/src/Illuminate/Foundation/Console/Kernel.php(129): Illuminate\\Console\\Application->run(Object(Symfony\\Component\\Console\\Input\\ArgvInput), Object(Symfony\\Component\\Console\\Output\\ConsoleOutput))
#4 /home/alrifaig/public_html/application/artisan(37): Illuminate\\Foundation\\Console\\Kernel->handle(Object(Symfony\\Component\\Console\\Input\\ArgvInput), Object(Symfony\\Component\\Console\\Output\\ConsoleOutput))
#5 {main}
"} 
[2021-08-05 10:10:01] production.ERROR: Invalid argument supplied for foreach() {"exception":"[object] (ErrorException(code: 0): Invalid argument supplied for foreach() at /home/alrifaig/public_html/application/vendor/symfony/console/Input/ArgvInput.php:243)
[stacktrace]
#0 /home/alrifaig/public_html/application/vendor/symfony/console/Input/ArgvInput.php(243): Illuminate\\Foundation\\Bootstrap\\HandleExceptions->handleError(2, 'Invalid argumen...', '/home/alrifaig/...', 243, Array)
#1 /home/alrifaig/public_html/application/vendor/symfony/console/Application.php(965): Symfony\\Component\\Console\\Input\\ArgvInput->getFirstArgument()
#2 /home/alrifaig/public_html/application/vendor/laravel/framework/src/Illuminate/Console/Application.php(84): Symfony\\Component\\Console\\Application->getCommandName(Object(Symfony\\Component\\Console\\Input\\ArgvInput))
#3 /home/alrifaig/public_html/application/vendor/laravel/framework/src/Illuminate/Foundation/Console/Kernel.php(129): Illuminate\\Console\\Application->run(Object(Symfony\\Component\\Console\\Input\\ArgvInput), Object(Symfony\\Component\\Console\\Output\\ConsoleOutput))
#4 /home/alrifaig/public_html/application/artisan(37): Illuminate\\Foundation\\Console\\Kernel->handle(Object(Symfony\\Component\\Console\\Input\\ArgvInput), Object(Symfony\\Component\\Console\\Output\\ConsoleOutput))
#5 {main}
"} 
[2021-08-05 10:12:01] production.ERROR: Invalid argument supplied for foreach() {"exception":"[object] (ErrorException(code: 0): Invalid argument supplied for foreach() at /home/alrifaig/public_html/application/vendor/symfony/console/Input/ArgvInput.php:243)
[stacktrace]
#0 /home/alrifaig/public_html/application/vendor/symfony/console/Input/ArgvInput.php(243): Illuminate\\Foundation\\Bootstrap\\HandleExceptions->handleError(2, 'Invalid argumen...', '/home/alrifaig/...', 243, Array)
#1 /home/alrifaig/public_html/application/vendor/symfony/console/Application.php(965): Symfony\\Component\\Console\\Input\\ArgvInput->getFirstArgument()
#2 /home/alrifaig/public_html/application/vendor/laravel/framework/src/Illuminate/Console/Application.php(84): Symfony\\Component\\Console\\Application->getCommandName(Object(Symfony\\Component\\Console\\Input\\ArgvInput))
#3 /home/alrifaig/public_html/application/vendor/laravel/framework/src/Illuminate/Foundation/Console/Kernel.php(129): Illuminate\\Console\\Application->run(Object(Symfony\\Component\\Console\\Input\\ArgvInput), Object(Symfony\\Component\\Console\\Output\\ConsoleOutput))
#4 /home/alrifaig/public_html/application/artisan(37): Illuminate\\Foundation\\Console\\Kernel->handle(Object(Symfony\\Component\\Console\\Input\\ArgvInput), Object(Symfony\\Component\\Console\\Output\\ConsoleOutput))
#5 {main}
"} 
[2021-08-05 10:14:02] production.ERROR: Invalid argument supplied for foreach() {"exception":"[object] (ErrorException(code: 0): Invalid argument supplied for foreach() at /home/alrifaig/public_html/application/vendor/symfony/console/Input/ArgvInput.php:243)
[stacktrace]
#0 /home/alrifaig/public_html/application/vendor/symfony/console/Input/ArgvInput.php(243): Illuminate\\Foundation\\Bootstrap\\HandleExceptions->handleError(2, 'Invalid argumen...', '/home/alrifaig/...', 243, Array)
#1 /home/alrifaig/public_html/application/vendor/symfony/console/Application.php(965): Symfony\\Component\\Console\\Input\\ArgvInput->getFirstArgument()
#2 /home/alrifaig/public_html/application/vendor/laravel/framework/src/Illuminate/Console/Application.php(84): Symfony\\Component\\Console\\Application->getCommandName(Object(Symfony\\Component\\Console\\Input\\ArgvInput))
#3 /home/alrifaig/public_html/application/vendor/laravel/framework/src/Illuminate/Foundation/Console/Kernel.php(129): Illuminate\\Console\\Application->run(Object(Symfony\\Component\\Console\\Input\\ArgvInput), Object(Symfony\\Component\\Console\\Output\\ConsoleOutput))
#4 /home/alrifaig/public_html/application/artisan(37): Illuminate\\Foundation\\Console\\Kernel->handle(Object(Symfony\\Component\\Console\\Input\\ArgvInput), Object(Symfony\\Component\\Console\\Output\\ConsoleOutput))
#5 {main}
"} 
[2021-08-05 10:16:02] production.ERROR: Invalid argument supplied for foreach() {"exception":"[object] (ErrorException(code: 0): Invalid argument supplied for foreach() at /home/alrifaig/public_html/application/vendor/symfony/console/Input/ArgvInput.php:243)
[stacktrace]
#0 /home/alrifaig/public_html/application/vendor/symfony/console/Input/ArgvInput.php(243): Illuminate\\Foundation\\Bootstrap\\HandleExceptions->handleError(2, 'Invalid argumen...', '/home/alrifaig/...', 243, Array)
#1 /home/alrifaig/public_html/application/vendor/symfony/console/Application.php(965): Symfony\\Component\\Console\\Input\\ArgvInput->getFirstArgument()
#2 /home/alrifaig/public_html/application/vendor/laravel/framework/src/Illuminate/Console/Application.php(84): Symfony\\Component\\Console\\Application->getCommandName(Object(Symfony\\Component\\Console\\Input\\ArgvInput))
#3 /home/alrifaig/public_html/application/vendor/laravel/framework/src/Illuminate/Foundation/Console/Kernel.php(129): Illuminate\\Console\\Application->run(Object(Symfony\\Component\\Console\\Input\\ArgvInput), Object(Symfony\\Component\\Console\\Output\\ConsoleOutput))
#4 /home/alrifaig/public_html/application/artisan(37): Illuminate\\Foundation\\Console\\Kernel->handle(Object(Symfony\\Component\\Console\\Input\\ArgvInput), Object(Symfony\\Component\\Console\\Output\\ConsoleOutput))
#5 {main}
"} 
[2021-08-05 10:18:01] production.ERROR: Invalid argument supplied for foreach() {"exception":"[object] (ErrorException(code: 0): Invalid argument supplied for foreach() at /home/alrifaig/public_html/application/vendor/symfony/console/Input/ArgvInput.php:243)
[stacktrace]
#0 /home/alrifaig/public_html/application/vendor/symfony/console/Input/ArgvInput.php(243): Illuminate\\Foundation\\Bootstrap\\HandleExceptions->handleError(2, 'Invalid argumen...', '/home/alrifaig/...', 243, Array)
#1 /home/alrifaig/public_html/application/vendor/symfony/console/Application.php(965): Symfony\\Component\\Console\\Input\\ArgvInput->getFirstArgument()
#2 /home/alrifaig/public_html/application/vendor/laravel/framework/src/Illuminate/Console/Application.php(84): Symfony\\Component\\Console\\Application->getCommandName(Object(Symfony\\Component\\Console\\Input\\ArgvInput))
#3 /home/alrifaig/public_html/application/vendor/laravel/framework/src/Illuminate/Foundation/Console/Kernel.php(129): Illuminate\\Console\\Application->run(Object(Symfony\\Component\\Console\\Input\\ArgvInput), Object(Symfony\\Component\\Console\\Output\\ConsoleOutput))
#4 /home/alrifaig/public_html/application/artisan(37): Illuminate\\Foundation\\Console\\Kernel->handle(Object(Symfony\\Component\\Console\\Input\\ArgvInput), Object(Symfony\\Component\\Console\\Output\\ConsoleOutput))
#5 {main}
"} 
[2021-08-05 10:20:02] production.ERROR: Invalid argument supplied for foreach() {"exception":"[object] (ErrorException(code: 0): Invalid argument supplied for foreach() at /home/alrifaig/public_html/application/vendor/symfony/console/Input/ArgvInput.php:243)
[stacktrace]
#0 /home/alrifaig/public_html/application/vendor/symfony/console/Input/ArgvInput.php(243): Illuminate\\Foundation\\Bootstrap\\HandleExceptions->handleError(2, 'Invalid argumen...', '/home/alrifaig/...', 243, Array)
#1 /home/alrifaig/public_html/application/vendor/symfony/console/Application.php(965): Symfony\\Component\\Console\\Input\\ArgvInput->getFirstArgument()
#2 /home/alrifaig/public_html/application/vendor/laravel/framework/src/Illuminate/Console/Application.php(84): Symfony\\Component\\Console\\Application->getCommandName(Object(Symfony\\Component\\Console\\Input\\ArgvInput))
#3 /home/alrifaig/public_html/application/vendor/laravel/framework/src/Illuminate/Foundation/Console/Kernel.php(129): Illuminate\\Console\\Application->run(Object(Symfony\\Component\\Console\\Input\\ArgvInput), Object(Symfony\\Component\\Console\\Output\\ConsoleOutput))
#4 /home/alrifaig/public_html/application/artisan(37): Illuminate\\Foundation\\Console\\Kernel->handle(Object(Symfony\\Component\\Console\\Input\\ArgvInput), Object(Symfony\\Component\\Console\\Output\\ConsoleOutput))
#5 {main}
"} 
[2021-08-05 10:22:02] production.ERROR: Invalid argument supplied for foreach() {"exception":"[object] (ErrorException(code: 0): Invalid argument supplied for foreach() at /home/alrifaig/public_html/application/vendor/symfony/console/Input/ArgvInput.php:243)
[stacktrace]
#0 /home/alrifaig/public_html/application/vendor/symfony/console/Input/ArgvInput.php(243): Illuminate\\Foundation\\Bootstrap\\HandleExceptions->handleError(2, 'Invalid argumen...', '/home/alrifaig/...', 243, Array)
#1 /home/alrifaig/public_html/application/vendor/symfony/console/Application.php(965): Symfony\\Component\\Console\\Input\\ArgvInput->getFirstArgument()
#2 /home/alrifaig/public_html/application/vendor/laravel/framework/src/Illuminate/Console/Application.php(84): Symfony\\Component\\Console\\Application->getCommandName(Object(Symfony\\Component\\Console\\Input\\ArgvInput))
#3 /home/alrifaig/public_html/application/vendor/laravel/framework/src/Illuminate/Foundation/Console/Kernel.php(129): Illuminate\\Console\\Application->run(Object(Symfony\\Component\\Console\\Input\\ArgvInput), Object(Symfony\\Component\\Console\\Output\\ConsoleOutput))
#4 /home/alrifaig/public_html/application/artisan(37): Illuminate\\Foundation\\Console\\Kernel->handle(Object(Symfony\\Component\\Console\\Input\\ArgvInput), Object(Symfony\\Component\\Console\\Output\\ConsoleOutput))
#5 {main}
"} 
[2021-08-05 10:24:01] production.ERROR: Invalid argument supplied for foreach() {"exception":"[object] (ErrorException(code: 0): Invalid argument supplied for foreach() at /home/alrifaig/public_html/application/vendor/symfony/console/Input/ArgvInput.php:243)
[stacktrace]
#0 /home/alrifaig/public_html/application/vendor/symfony/console/Input/ArgvInput.php(243): Illuminate\\Foundation\\Bootstrap\\HandleExceptions->handleError(2, 'Invalid argumen...', '/home/alrifaig/...', 243, Array)
#1 /home/alrifaig/public_html/application/vendor/symfony/console/Application.php(965): Symfony\\Component\\Console\\Input\\ArgvInput->getFirstArgument()
#2 /home/alrifaig/public_html/application/vendor/laravel/framework/src/Illuminate/Console/Application.php(84): Symfony\\Component\\Console\\Application->getCommandName(Object(Symfony\\Component\\Console\\Input\\ArgvInput))
#3 /home/alrifaig/public_html/application/vendor/laravel/framework/src/Illuminate/Foundation/Console/Kernel.php(129): Illuminate\\Console\\Application->run(Object(Symfony\\Component\\Console\\Input\\ArgvInput), Object(Symfony\\Component\\Console\\Output\\ConsoleOutput))
#4 /home/alrifaig/public_html/application/artisan(37): Illuminate\\Foundation\\Console\\Kernel->handle(Object(Symfony\\Component\\Console\\Input\\ArgvInput), Object(Symfony\\Component\\Console\\Output\\ConsoleOutput))
#5 {main}
"} 
[2021-08-05 10:26:01] production.ERROR: Invalid argument supplied for foreach() {"exception":"[object] (ErrorException(code: 0): Invalid argument supplied for foreach() at /home/alrifaig/public_html/application/vendor/symfony/console/Input/ArgvInput.php:243)
[stacktrace]
#0 /home/alrifaig/public_html/application/vendor/symfony/console/Input/ArgvInput.php(243): Illuminate\\Foundation\\Bootstrap\\HandleExceptions->handleError(2, 'Invalid argumen...', '/home/alrifaig/...', 243, Array)
#1 /home/alrifaig/public_html/application/vendor/symfony/console/Application.php(965): Symfony\\Component\\Console\\Input\\ArgvInput->getFirstArgument()
#2 /home/alrifaig/public_html/application/vendor/laravel/framework/src/Illuminate/Console/Application.php(84): Symfony\\Component\\Console\\Application->getCommandName(Object(Symfony\\Component\\Console\\Input\\ArgvInput))
#3 /home/alrifaig/public_html/application/vendor/laravel/framework/src/Illuminate/Foundation/Console/Kernel.php(129): Illuminate\\Console\\Application->run(Object(Symfony\\Component\\Console\\Input\\ArgvInput), Object(Symfony\\Component\\Console\\Output\\ConsoleOutput))
#4 /home/alrifaig/public_html/application/artisan(37): Illuminate\\Foundation\\Console\\Kernel->handle(Object(Symfony\\Component\\Console\\Input\\ArgvInput), Object(Symfony\\Component\\Console\\Output\\ConsoleOutput))
#5 {main}
"} 
[2021-08-05 10:28:01] production.ERROR: Invalid argument supplied for foreach() {"exception":"[object] (ErrorException(code: 0): Invalid argument supplied for foreach() at /home/alrifaig/public_html/application/vendor/symfony/console/Input/ArgvInput.php:243)
[stacktrace]
#0 /home/alrifaig/public_html/application/vendor/symfony/console/Input/ArgvInput.php(243): Illuminate\\Foundation\\Bootstrap\\HandleExceptions->handleError(2, 'Invalid argumen...', '/home/alrifaig/...', 243, Array)
#1 /home/alrifaig/public_html/application/vendor/symfony/console/Application.php(965): Symfony\\Component\\Console\\Input\\ArgvInput->getFirstArgument()
#2 /home/alrifaig/public_html/application/vendor/laravel/framework/src/Illuminate/Console/Application.php(84): Symfony\\Component\\Console\\Application->getCommandName(Object(Symfony\\Component\\Console\\Input\\ArgvInput))
#3 /home/alrifaig/public_html/application/vendor/laravel/framework/src/Illuminate/Foundation/Console/Kernel.php(129): Illuminate\\Console\\Application->run(Object(Symfony\\Component\\Console\\Input\\ArgvInput), Object(Symfony\\Component\\Console\\Output\\ConsoleOutput))
#4 /home/alrifaig/public_html/application/artisan(37): Illuminate\\Foundation\\Console\\Kernel->handle(Object(Symfony\\Component\\Console\\Input\\ArgvInput), Object(Symfony\\Component\\Console\\Output\\ConsoleOutput))
#5 {main}
"} 
[2021-08-05 10:30:02] production.ERROR: Invalid argument supplied for foreach() {"exception":"[object] (ErrorException(code: 0): Invalid argument supplied for foreach() at /home/alrifaig/public_html/application/vendor/symfony/console/Input/ArgvInput.php:243)
[stacktrace]
#0 /home/alrifaig/public_html/application/vendor/symfony/console/Input/ArgvInput.php(243): Illuminate\\Foundation\\Bootstrap\\HandleExceptions->handleError(2, 'Invalid argumen...', '/home/alrifaig/...', 243, Array)
#1 /home/alrifaig/public_html/application/vendor/symfony/console/Application.php(965): Symfony\\Component\\Console\\Input\\ArgvInput->getFirstArgument()
#2 /home/alrifaig/public_html/application/vendor/laravel/framework/src/Illuminate/Console/Application.php(84): Symfony\\Component\\Console\\Application->getCommandName(Object(Symfony\\Component\\Console\\Input\\ArgvInput))
#3 /home/alrifaig/public_html/application/vendor/laravel/framework/src/Illuminate/Foundation/Console/Kernel.php(129): Illuminate\\Console\\Application->run(Object(Symfony\\Component\\Console\\Input\\ArgvInput), Object(Symfony\\Component\\Console\\Output\\ConsoleOutput))
#4 /home/alrifaig/public_html/application/artisan(37): Illuminate\\Foundation\\Console\\Kernel->handle(Object(Symfony\\Component\\Console\\Input\\ArgvInput), Object(Symfony\\Component\\Console\\Output\\ConsoleOutput))
#5 {main}
"} 
[2021-08-05 10:32:02] production.ERROR: Invalid argument supplied for foreach() {"exception":"[object] (ErrorException(code: 0): Invalid argument supplied for foreach() at /home/alrifaig/public_html/application/vendor/symfony/console/Input/ArgvInput.php:243)
[stacktrace]
#0 /home/alrifaig/public_html/application/vendor/symfony/console/Input/ArgvInput.php(243): Illuminate\\Foundation\\Bootstrap\\HandleExceptions->handleError(2, 'Invalid argumen...', '/home/alrifaig/...', 243, Array)
#1 /home/alrifaig/public_html/application/vendor/symfony/console/Application.php(965): Symfony\\Component\\Console\\Input\\ArgvInput->getFirstArgument()
#2 /home/alrifaig/public_html/application/vendor/laravel/framework/src/Illuminate/Console/Application.php(84): Symfony\\Component\\Console\\Application->getCommandName(Object(Symfony\\Component\\Console\\Input\\ArgvInput))
#3 /home/alrifaig/public_html/application/vendor/laravel/framework/src/Illuminate/Foundation/Console/Kernel.php(129): Illuminate\\Console\\Application->run(Object(Symfony\\Component\\Console\\Input\\ArgvInput), Object(Symfony\\Component\\Console\\Output\\ConsoleOutput))
#4 /home/alrifaig/public_html/application/artisan(37): Illuminate\\Foundation\\Console\\Kernel->handle(Object(Symfony\\Component\\Console\\Input\\ArgvInput), Object(Symfony\\Component\\Console\\Output\\ConsoleOutput))
#5 {main}
"} 
[2021-08-05 10:34:01] production.ERROR: Invalid argument supplied for foreach() {"exception":"[object] (ErrorException(code: 0): Invalid argument supplied for foreach() at /home/alrifaig/public_html/application/vendor/symfony/console/Input/ArgvInput.php:243)
[stacktrace]
#0 /home/alrifaig/public_html/application/vendor/symfony/console/Input/ArgvInput.php(243): Illuminate\\Foundation\\Bootstrap\\HandleExceptions->handleError(2, 'Invalid argumen...', '/home/alrifaig/...', 243, Array)
#1 /home/alrifaig/public_html/application/vendor/symfony/console/Application.php(965): Symfony\\Component\\Console\\Input\\ArgvInput->getFirstArgument()
#2 /home/alrifaig/public_html/application/vendor/laravel/framework/src/Illuminate/Console/Application.php(84): Symfony\\Component\\Console\\Application->getCommandName(Object(Symfony\\Component\\Console\\Input\\ArgvInput))
#3 /home/alrifaig/public_html/application/vendor/laravel/framework/src/Illuminate/Foundation/Console/Kernel.php(129): Illuminate\\Console\\Application->run(Object(Symfony\\Component\\Console\\Input\\ArgvInput), Object(Symfony\\Component\\Console\\Output\\ConsoleOutput))
#4 /home/alrifaig/public_html/application/artisan(37): Illuminate\\Foundation\\Console\\Kernel->handle(Object(Symfony\\Component\\Console\\Input\\ArgvInput), Object(Symfony\\Component\\Console\\Output\\ConsoleOutput))
#5 {main}
"} 
[2021-08-05 10:36:01] production.ERROR: Invalid argument supplied for foreach() {"exception":"[object] (ErrorException(code: 0): Invalid argument supplied for foreach() at /home/alrifaig/public_html/application/vendor/symfony/console/Input/ArgvInput.php:243)
[stacktrace]
#0 /home/alrifaig/public_html/application/vendor/symfony/console/Input/ArgvInput.php(243): Illuminate\\Foundation\\Bootstrap\\HandleExceptions->handleError(2, 'Invalid argumen...', '/home/alrifaig/...', 243, Array)
#1 /home/alrifaig/public_html/application/vendor/symfony/console/Application.php(965): Symfony\\Component\\Console\\Input\\ArgvInput->getFirstArgument()
#2 /home/alrifaig/public_html/application/vendor/laravel/framework/src/Illuminate/Console/Application.php(84): Symfony\\Component\\Console\\Application->getCommandName(Object(Symfony\\Component\\Console\\Input\\ArgvInput))
#3 /home/alrifaig/public_html/application/vendor/laravel/framework/src/Illuminate/Foundation/Console/Kernel.php(129): Illuminate\\Console\\Application->run(Object(Symfony\\Component\\Console\\Input\\ArgvInput), Object(Symfony\\Component\\Console\\Output\\ConsoleOutput))
#4 /home/alrifaig/public_html/application/artisan(37): Illuminate\\Foundation\\Console\\Kernel->handle(Object(Symfony\\Component\\Console\\Input\\ArgvInput), Object(Symfony\\Component\\Console\\Output\\ConsoleOutput))
#5 {main}
"} 
[2021-08-05 10:38:01] production.ERROR: Invalid argument supplied for foreach() {"exception":"[object] (ErrorException(code: 0): Invalid argument supplied for foreach() at /home/alrifaig/public_html/application/vendor/symfony/console/Input/ArgvInput.php:243)
[stacktrace]
#0 /home/alrifaig/public_html/application/vendor/symfony/console/Input/ArgvInput.php(243): Illuminate\\Foundation\\Bootstrap\\HandleExceptions->handleError(2, 'Invalid argumen...', '/home/alrifaig/...', 243, Array)
#1 /home/alrifaig/public_html/application/vendor/symfony/console/Application.php(965): Symfony\\Component\\Console\\Input\\ArgvInput->getFirstArgument()
#2 /home/alrifaig/public_html/application/vendor/laravel/framework/src/Illuminate/Console/Application.php(84): Symfony\\Component\\Console\\Application->getCommandName(Object(Symfony\\Component\\Console\\Input\\ArgvInput))
#3 /home/alrifaig/public_html/application/vendor/laravel/framework/src/Illuminate/Foundation/Console/Kernel.php(129): Illuminate\\Console\\Application->run(Object(Symfony\\Component\\Console\\Input\\ArgvInput), Object(Symfony\\Component\\Console\\Output\\ConsoleOutput))
#4 /home/alrifaig/public_html/application/artisan(37): Illuminate\\Foundation\\Console\\Kernel->handle(Object(Symfony\\Component\\Console\\Input\\ArgvInput), Object(Symfony\\Component\\Console\\Output\\ConsoleOutput))
#5 {main}
"} 
[2021-08-05 10:40:01] production.ERROR: Invalid argument supplied for foreach() {"exception":"[object] (ErrorException(code: 0): Invalid argument supplied for foreach() at /home/alrifaig/public_html/application/vendor/symfony/console/Input/ArgvInput.php:243)
[stacktrace]
#0 /home/alrifaig/public_html/application/vendor/symfony/console/Input/ArgvInput.php(243): Illuminate\\Foundation\\Bootstrap\\HandleExceptions->handleError(2, 'Invalid argumen...', '/home/alrifaig/...', 243, Array)
#1 /home/alrifaig/public_html/application/vendor/symfony/console/Application.php(965): Symfony\\Component\\Console\\Input\\ArgvInput->getFirstArgument()
#2 /home/alrifaig/public_html/application/vendor/laravel/framework/src/Illuminate/Console/Application.php(84): Symfony\\Component\\Console\\Application->getCommandName(Object(Symfony\\Component\\Console\\Input\\ArgvInput))
#3 /home/alrifaig/public_html/application/vendor/laravel/framework/src/Illuminate/Foundation/Console/Kernel.php(129): Illuminate\\Console\\Application->run(Object(Symfony\\Component\\Console\\Input\\ArgvInput), Object(Symfony\\Component\\Console\\Output\\ConsoleOutput))
#4 /home/alrifaig/public_html/application/artisan(37): Illuminate\\Foundation\\Console\\Kernel->handle(Object(Symfony\\Component\\Console\\Input\\ArgvInput), Object(Symfony\\Component\\Console\\Output\\ConsoleOutput))
#5 {main}
"} 
[2021-08-05 10:42:01] production.ERROR: Invalid argument supplied for foreach() {"exception":"[object] (ErrorException(code: 0): Invalid argument supplied for foreach() at /home/alrifaig/public_html/application/vendor/symfony/console/Input/ArgvInput.php:243)
[stacktrace]
#0 /home/alrifaig/public_html/application/vendor/symfony/console/Input/ArgvInput.php(243): Illuminate\\Foundation\\Bootstrap\\HandleExceptions->handleError(2, 'Invalid argumen...', '/home/alrifaig/...', 243, Array)
#1 /home/alrifaig/public_html/application/vendor/symfony/console/Application.php(965): Symfony\\Component\\Console\\Input\\ArgvInput->getFirstArgument()
#2 /home/alrifaig/public_html/application/vendor/laravel/framework/src/Illuminate/Console/Application.php(84): Symfony\\Component\\Console\\Application->getCommandName(Object(Symfony\\Component\\Console\\Input\\ArgvInput))
#3 /home/alrifaig/public_html/application/vendor/laravel/framework/src/Illuminate/Foundation/Console/Kernel.php(129): Illuminate\\Console\\Application->run(Object(Symfony\\Component\\Console\\Input\\ArgvInput), Object(Symfony\\Component\\Console\\Output\\ConsoleOutput))
#4 /home/alrifaig/public_html/application/artisan(37): Illuminate\\Foundation\\Console\\Kernel->handle(Object(Symfony\\Component\\Console\\Input\\ArgvInput), Object(Symfony\\Component\\Console\\Output\\ConsoleOutput))
#5 {main}
"} 
